<?xml version="1.0" encoding="UTF-8"?>
<coverage generated="1683676491548" clover="3.2.0">
  <project timestamp="1683676491548" name="All files">
    <metrics statements="17" coveredstatements="17" conditionals="2" coveredconditionals="2" methods="3" coveredmethods="3" elements="22" coveredelements="22" complexity="0" loc="17" ncloc="17" packages="1" files="1" classes="1"/>
    <file name="markov.js" path="/Users/russelljones/rithm/exercises/markov/markov.js">
      <metrics statements="17" coveredstatements="17" conditionals="2" coveredconditionals="2" methods="3" coveredmethods="3"/>
      <line num="11" count="3" type="stmt"/>
      <line num="12" count="3" type="stmt"/>
      <line num="29" count="3" type="stmt"/>
      <line num="30" count="3" type="stmt"/>
      <line num="31" count="12" type="cond" truecount="2" falsecount="0"/>
      <line num="32" count="9" type="stmt"/>
      <line num="34" count="3" type="stmt"/>
      <line num="38" count="3" type="stmt"/>
      <line num="44" count="2" type="stmt"/>
      <line num="45" count="2" type="stmt"/>
      <line num="47" count="2" type="stmt"/>
      <line num="48" count="4" type="stmt"/>
      <line num="50" count="4" type="stmt"/>
      <line num="51" count="4" type="stmt"/>
      <line num="52" count="4" type="stmt"/>
      <line num="55" count="2" type="stmt"/>
      <line num="59" count="1" type="stmt"/>
    </file>
  </project>
</coverage>
