{"/Users/russelljones/rithm/exercises/markov/markov.js": {"path":"/Users/russelljones/rithm/exercises/markov/markov.js","statementMap":{"0":{"start":{"line":11,"column":4},"end":{"line":11,"column":40}},"1":{"start":{"line":12,"column":4},"end":{"line":12,"column":35}},"2":{"start":{"line":29,"column":22},"end":{"line":29,"column":24}},"3":{"start":{"line":30,"column":4},"end":{"line":36,"column":5}},"4":{"start":{"line":30,"column":19},"end":{"line":30,"column":20}},"5":{"start":{"line":31,"column":6},"end":{"line":35,"column":7}},"6":{"start":{"line":32,"column":8},"end":{"line":32,"column":63}},"7":{"start":{"line":34,"column":8},"end":{"line":34,"column":65}},"8":{"start":{"line":38,"column":4},"end":{"line":38,"column":23}},"9":{"start":{"line":44,"column":20},"end":{"line":44,"column":33}},"10":{"start":{"line":45,"column":18},"end":{"line":45,"column":20}},"11":{"start":{"line":47,"column":4},"end":{"line":53,"column":5}},"12":{"start":{"line":48,"column":6},"end":{"line":48,"column":30}},"13":{"start":{"line":50,"column":23},"end":{"line":50,"column":45}},"14":{"start":{"line":51,"column":22},"end":{"line":51,"column":67}},"15":{"start":{"line":52,"column":6},"end":{"line":52,"column":40}},"16":{"start":{"line":55,"column":4},"end":{"line":55,"column":29}},"17":{"start":{"line":59,"column":0},"end":{"line":61,"column":2}}},"fnMap":{"0":{"name":"(anonymous_0)","decl":{"start":{"line":8,"column":2},"end":{"line":8,"column":3}},"loc":{"start":{"line":8,"column":20},"end":{"line":13,"column":3}},"line":8},"1":{"name":"(anonymous_1)","decl":{"start":{"line":28,"column":2},"end":{"line":28,"column":3}},"loc":{"start":{"line":28,"column":14},"end":{"line":39,"column":3}},"line":28},"2":{"name":"(anonymous_2)","decl":{"start":{"line":43,"column":2},"end":{"line":43,"column":3}},"loc":{"start":{"line":43,"column":12},"end":{"line":56,"column":3}},"line":43}},"branchMap":{"0":{"loc":{"start":{"line":31,"column":6},"end":{"line":35,"column":7}},"type":"if","locations":[{"start":{"line":31,"column":6},"end":{"line":35,"column":7}},{"start":{"line":33,"column":13},"end":{"line":35,"column":7}}],"line":31}},"s":{"0":3,"1":3,"2":3,"3":3,"4":3,"5":12,"6":9,"7":3,"8":3,"9":2,"10":2,"11":2,"12":4,"13":4,"14":4,"15":4,"16":2,"17":1},"f":{"0":3,"1":3,"2":2},"b":{"0":[9,3]},"_coverageSchema":"1a1c01bbd47fc00a2c39e90264f33305004495a9","hash":"fdb48168f5bc0e758ebc3cf7d8b783463aa32ef8"}
}
